[debug] [2019-10-12T18:41:30.087Z] ----------------------------------------------------------------------
[debug] [2019-10-12T18:41:30.089Z] Command:       C:\Program Files\nodejs\node.exe C:\Program Files\nodejs\node_modules\firebase-tools\lib\bin\firebase.js deploy
[debug] [2019-10-12T18:41:30.090Z] CLI Version:   7.4.0
[debug] [2019-10-12T18:41:30.090Z] Platform:      win32
[debug] [2019-10-12T18:41:30.090Z] Node Version:  v10.16.0
[debug] [2019-10-12T18:41:30.091Z] Time:          Sun Oct 13 2019 02:41:30 GMT+0800 (GMT+08:00)
[debug] [2019-10-12T18:41:30.091Z] ----------------------------------------------------------------------
[debug] 
[debug] [2019-10-12T18:41:30.100Z] > command requires scopes: ["email","openid","https://www.googleapis.com/auth/cloudplatformprojects.readonly","https://www.googleapis.com/auth/firebase","https://www.googleapis.com/auth/cloud-platform"]
[debug] [2019-10-12T18:41:30.100Z] > authorizing via signed-in user
[debug] [2019-10-12T18:41:30.100Z] [iam] checking project react-camel-up for permissions ["firebase.projects.get","firebasehosting.sites.update"]
[debug] [2019-10-12T18:41:30.102Z] > refreshing access token with scopes: ["email","https://www.googleapis.com/auth/cloud-platform","https://www.googleapis.com/auth/cloudplatformprojects.readonly","https://www.googleapis.com/auth/firebase","openid"]
[debug] [2019-10-12T18:41:30.102Z] >>> HTTP REQUEST POST https://www.googleapis.com/oauth2/v3/token  
 <request body omitted>
[debug] [2019-10-12T18:41:30.367Z] <<< HTTP RESPONSE 200
[debug] [2019-10-12T18:41:30.421Z] >>> HTTP REQUEST POST https://cloudresourcemanager.googleapis.com/v1/projects/react-camel-up:testIamPermissions  

[debug] [2019-10-12T18:41:31.705Z] <<< HTTP RESPONSE 200
[debug] [2019-10-12T18:41:31.709Z] >>> HTTP REQUEST GET https://firebase.googleapis.com/v1beta1/projects/react-camel-up  
 
[debug] [2019-10-12T18:41:32.938Z] <<< HTTP RESPONSE 200
[info] 
[info] === Deploying to 'react-camel-up'...
[info] 
[info] i  deploying hosting
[debug] [2019-10-12T18:41:32.973Z] >>> HTTP REQUEST POST https://firebasehosting.googleapis.com/v1beta1/sites/react-camel-up/versions  

[debug] [2019-10-12T18:42:00.405Z] Error: Client network socket disconnected before secure TLS connection was established
    at TLSSocket.onConnectEnd (_tls_wrap.js:1092:19)
    at Object.onceWrapper (events.js:286:20)
    at TLSSocket.emit (events.js:203:15)
    at TLSSocket.EventEmitter.emit (domain.js:448:20)
    at endReadableNT (_stream_readable.js:1129:12)
    at process._tickCallback (internal/process/next_tick.js:63:19)
[error] 
[error] Error: Server Error. Client network socket disconnected before secure TLS connection was established
